<?xml version="1.0" encoding="UTF-8"?>
<!-- Generated by org.testng.reporters.JUnitReportReporter -->
<testsuite hostname="Suvhanberdis-MacBook-Pro.local" failures="0" tests="2" name="com.app.runners.CukesRunner" time="56.569" errors="0" timestamp="2020-01-31T22:51:27 CST" skipped="0">
  <testcase classname="com.app.runners.CukesRunner" name="runScenario" time="29.871"/>
  <system-out/>
  <testcase classname="com.app.runners.CukesRunner" name="runScenario" time="26.698"/>
  <system-out/>
</testsuite> <!-- com.app.runners.CukesRunner -->
