<?xml version="1.0" encoding="UTF-8"?>
<!-- Generated by org.testng.reporters.JUnitReportReporter -->
<testsuite hostname="Suvhanberdis-MacBook-Pro.local" failures="0" tests="2" name="com.app.runners.CukesRunner" time="31.466" errors="0" timestamp="2020-02-04T11:39:27 CST" skipped="0">
  <testcase classname="com.app.runners.CukesRunner" name="runScenario" time="16.139"/>
  <system-out/>
  <testcase classname="com.app.runners.CukesRunner" name="runScenario" time="15.327"/>
  <system-out/>
</testsuite> <!-- com.app.runners.CukesRunner -->
