<?xml version="1.0" encoding="UTF-8"?>
<!-- Generated by org.testng.reporters.JUnitReportReporter -->
<testsuite hostname="Suvhanberdis-MacBook-Pro.local" failures="0" tests="1" name="com.app.tests.DataDrivenTest" time="2.184" errors="0" timestamp="2020-01-30T16:56:46 CST" skipped="0">
  <testcase classname="com.app.tests.DataDrivenTest" name="calculatotTest" time="2.184"/>
  <system-out/>
</testsuite> <!-- com.app.tests.DataDrivenTest -->
